<?xml version="1.0" encoding="UTF-8"?>
<Site BuildName="Win32-mingw32-make"
	BuildStamp="20240125-1712-Experimental"
	Name="LAPTOP-LGELASII"
	Generator="ctest-3.20.21032501-MSVC_2"
	CompilerName="C:/msys64/mingw64/bin/g++.exe"
	CompilerVersion="13.1.0"
	OSName="Windows"
	Hostname="LAPTOP-LGELASII"
	OSRelease=" Personal"
	OSVersion=" (Build 22621)"
	OSPlatform="AMD64"
	Is64Bits="1"
	VendorString="GenuineIntel"
	VendorID="Intel Corporation"
	FamilyID="6"
	ModelID="12"
	ProcessorCacheSize="-1"
	NumberOfLogicalCPU="8"
	NumberOfPhysicalCPU="4"
	TotalVirtualMemory="36555"
	TotalPhysicalMemory="16075"
	LogicalProcessorsPerPhysical="2"
	ProcessorClockFrequency="3110"
	>
	<Testing>
		<StartDateTime>Jan 25 09:12 Pacific Standard Time</StartDateTime>
		<StartTestTime>1706202747</StartTestTime>
		<TestList/>
		<EndDateTime>Jan 25 09:12 Pacific Standard Time</EndDateTime>
		<EndTestTime>1706202747</EndTestTime>
		<ElapsedMinutes>0</ElapsedMinutes>
	</Testing>
</Site>
